evaluate
>>> Run calibration
---> 1 - Input file = /eos/cms/store/group/dpg_ecal/alca_ecalcalib/EcalTiming/Run2018D_UltraLegacy/Test/AlCaPhiSym/crab_AlCaPhiSym_Run2018D-v1_RAW/220227_184141/0000/timing_reco_selections_9.root
---> 2 - Input file = /eos/cms/store/group/dpg_ecal/alca_ecalcalib/EcalTiming/Run2018D_UltraLegacy/Test/AlCaPhiSym/crab_AlCaPhiSym_Run2018D-v1_RAW/220227_184141/0000/timing_reco_selections_10.root
---> 3 - Input file = /eos/cms/store/group/dpg_ecal/alca_ecalcalib/EcalTiming/Run2018D_UltraLegacy/Test/AlCaPhiSym/crab_AlCaPhiSym_Run2018D-v1_RAW/220227_184141/0000/timing_reco_selections_11.root
---> 4 - Input file = /eos/cms/store/group/dpg_ecal/alca_ecalcalib/EcalTiming/Run2018D_UltraLegacy/Test/AlCaPhiSym/crab_AlCaPhiSym_Run2018D-v1_RAW/220227_184141/0000/timing_reco_selections_12.root
---> 5 - Input file = /eos/cms/store/group/dpg_ecal/alca_ecalcalib/EcalTiming/Run2018D_UltraLegacy/Test/AlCaPhiSym/crab_AlCaPhiSym_Run2018D-v1_RAW/220227_184141/0000/timing_reco_selections_13.root
maxEvents = 127774090
--- Reading entry = 0
--- Reading entry = 1000000
--- Reading entry = 2000000
--- Reading entry = 3000000
--- Reading entry = 4000000
--- Reading entry = 5000000
--- Reading entry = 6000000
--- Reading entry = 7000000
--- Reading entry = 8000000
--- Reading entry = 9000000
--- Reading entry = 10000000
--- Reading entry = 11000000
--- Reading entry = 12000000
--- Reading entry = 13000000
--- Reading entry = 14000000
--- Reading entry = 15000000
--- Reading entry = 16000000
--- Reading entry = 17000000
--- Reading entry = 18000000
--- Reading entry = 19000000
--- Reading entry = 20000000
--- Reading entry = 21000000
--- Reading entry = 22000000
--- Reading entry = 23000000
--- Reading entry = 24000000
--- Reading entry = 25000000
--- Reading entry = 26000000
--- Reading entry = 27000000
--- Reading entry = 28000000
--- Reading entry = 29000000
--- Reading entry = 30000000
--- Reading entry = 31000000
--- Reading entry = 32000000
--- Reading entry = 33000000
--- Reading entry = 34000000
--- Reading entry = 35000000
--- Reading entry = 36000000
--- Reading entry = 37000000
--- Reading entry = 38000000
--- Reading entry = 39000000
--- Reading entry = 40000000
--- Reading entry = 41000000
--- Reading entry = 42000000
--- Reading entry = 43000000
--- Reading entry = 44000000
--- Reading entry = 45000000
--- Reading entry = 46000000
--- Reading entry = 47000000
--- Reading entry = 48000000
--- Reading entry = 49000000
--- Reading entry = 50000000
--- Reading entry = 51000000
--- Reading entry = 52000000
--- Reading entry = 53000000
--- Reading entry = 54000000
--- Reading entry = 55000000
--- Reading entry = 56000000
--- Reading entry = 57000000
--- Reading entry = 58000000
--- Reading entry = 59000000
--- Reading entry = 60000000
--- Reading entry = 61000000
--- Reading entry = 62000000
--- Reading entry = 63000000
--- Reading entry = 64000000
--- Reading entry = 65000000
--- Reading entry = 66000000
--- Reading entry = 67000000
--- Reading entry = 68000000
--- Reading entry = 69000000
--- Reading entry = 70000000
--- Reading entry = 71000000
--- Reading entry = 72000000
--- Reading entry = 73000000
--- Reading entry = 74000000
--- Reading entry = 75000000
--- Reading entry = 76000000
--- Reading entry = 77000000
--- Reading entry = 78000000
--- Reading entry = 79000000
--- Reading entry = 80000000
--- Reading entry = 81000000
--- Reading entry = 82000000
--- Reading entry = 83000000
--- Reading entry = 84000000
--- Reading entry = 85000000
--- Reading entry = 86000000
--- Reading entry = 87000000
--- Reading entry = 88000000
--- Reading entry = 89000000
--- Reading entry = 90000000
--- Reading entry = 91000000
--- Reading entry = 92000000
--- Reading entry = 93000000
--- Reading entry = 94000000
--- Reading entry = 95000000
--- Reading entry = 96000000
--- Reading entry = 97000000
--- Reading entry = 98000000
--- Reading entry = 99000000
--- Reading entry = 100000000
--- Reading entry = 101000000
--- Reading entry = 102000000
--- Reading entry = 103000000
--- Reading entry = 104000000
--- Reading entry = 105000000
--- Reading entry = 106000000
--- Reading entry = 107000000
--- Reading entry = 108000000
--- Reading entry = 109000000
--- Reading entry = 110000000
--- Reading entry = 111000000
--- Reading entry = 112000000
--- Reading entry = 113000000
--- Reading entry = 114000000
--- Reading entry = 115000000
--- Reading entry = 116000000
--- Reading entry = 117000000
--- Reading entry = 118000000
--- Reading entry = 119000000
--- Reading entry = 120000000
--- Reading entry = 121000000
--- Reading entry = 122000000
--- Reading entry = 123000000
--- Reading entry = 124000000
--- Reading entry = 125000000
--- Reading entry = 126000000
--- Reading entry = 127000000
DONE
