evaluate
>>> Run calibration
---> 1 - Input file = /eos/cms/store/group/dpg_ecal/alca_ecalcalib/EcalTiming/Run2018D_UltraLegacy/Test/AlCaPhiSym/crab_AlCaPhiSym_Run2018D-v1_RAW/220227_184141/0000/timing_reco_selections_341.root
---> 2 - Input file = /eos/cms/store/group/dpg_ecal/alca_ecalcalib/EcalTiming/Run2018D_UltraLegacy/Test/AlCaPhiSym/crab_AlCaPhiSym_Run2018D-v1_RAW/220227_184141/0000/timing_reco_selections_342.root
---> 3 - Input file = /eos/cms/store/group/dpg_ecal/alca_ecalcalib/EcalTiming/Run2018D_UltraLegacy/Test/AlCaPhiSym/crab_AlCaPhiSym_Run2018D-v1_RAW/220227_184141/0000/timing_reco_selections_343.root
---> 4 - Input file = /eos/cms/store/group/dpg_ecal/alca_ecalcalib/EcalTiming/Run2018D_UltraLegacy/Test/AlCaPhiSym/crab_AlCaPhiSym_Run2018D-v1_RAW/220227_184141/0000/timing_reco_selections_344.root
---> 5 - Input file = /eos/cms/store/group/dpg_ecal/alca_ecalcalib/EcalTiming/Run2018D_UltraLegacy/Test/AlCaPhiSym/crab_AlCaPhiSym_Run2018D-v1_RAW/220227_184141/0000/timing_reco_selections_345.root
maxEvents = 11273964
--- Reading entry = 0
--- Reading entry = 1000000
--- Reading entry = 2000000
--- Reading entry = 3000000
--- Reading entry = 4000000
--- Reading entry = 5000000
--- Reading entry = 6000000
--- Reading entry = 7000000
--- Reading entry = 8000000
--- Reading entry = 9000000
--- Reading entry = 10000000
--- Reading entry = 11000000
DONE
