evaluate
>>> Run calibration
---> 1 - Input file = /eos/cms/store/group/dpg_ecal/alca_ecalcalib/EcalTiming/Run2018D_UltraLegacy/Test/AlCaPhiSym/crab_AlCaPhiSym_Run2018D-v1_RAW/220227_184141/0001/timing_reco_selections_1194.root
---> 2 - Input file = /eos/cms/store/group/dpg_ecal/alca_ecalcalib/EcalTiming/Run2018D_UltraLegacy/Test/AlCaPhiSym/crab_AlCaPhiSym_Run2018D-v1_RAW/220227_184141/0001/timing_reco_selections_1195.root
---> 3 - Input file = /eos/cms/store/group/dpg_ecal/alca_ecalcalib/EcalTiming/Run2018D_UltraLegacy/Test/AlCaPhiSym/crab_AlCaPhiSym_Run2018D-v1_RAW/220227_184141/0001/timing_reco_selections_1196.root
---> 4 - Input file = /eos/cms/store/group/dpg_ecal/alca_ecalcalib/EcalTiming/Run2018D_UltraLegacy/Test/AlCaPhiSym/crab_AlCaPhiSym_Run2018D-v1_RAW/220227_184141/0001/timing_reco_selections_1197.root
---> 5 - Input file = /eos/cms/store/group/dpg_ecal/alca_ecalcalib/EcalTiming/Run2018D_UltraLegacy/Test/AlCaPhiSym/crab_AlCaPhiSym_Run2018D-v1_RAW/220227_184141/0001/timing_reco_selections_1198.root
maxEvents = 31664414
--- Reading entry = 0
--- Reading entry = 1000000
--- Reading entry = 2000000
--- Reading entry = 3000000
--- Reading entry = 4000000
--- Reading entry = 5000000
--- Reading entry = 6000000
--- Reading entry = 7000000
--- Reading entry = 8000000
--- Reading entry = 9000000
--- Reading entry = 10000000
--- Reading entry = 11000000
--- Reading entry = 12000000
--- Reading entry = 13000000
--- Reading entry = 14000000
--- Reading entry = 15000000
--- Reading entry = 16000000
--- Reading entry = 17000000
--- Reading entry = 18000000
--- Reading entry = 19000000
--- Reading entry = 20000000
--- Reading entry = 21000000
--- Reading entry = 22000000
--- Reading entry = 23000000
--- Reading entry = 24000000
--- Reading entry = 25000000
--- Reading entry = 26000000
--- Reading entry = 27000000
--- Reading entry = 28000000
--- Reading entry = 29000000
--- Reading entry = 30000000
--- Reading entry = 31000000
DONE
